# JRE version: Java(TM) SE Runtime Environment (8.0_151-b12) (build 1.8.0_151-b12)
# Java VM: Java HotSpot(TM) 64-Bit Server VM (25.151-b12 mixed mode windows-amd64 compressed oops)
Heap:
 PSYoungGen      total 131072K, used 52580K [0x000000076b580000, 0x0000000778580000, 0x00000007c0000000)
  eden space 120320K, 43% used [0x000000076b580000,0x000000076e8d9300,0x0000000772b00000)
  from space 10752K, 0% used [0x0000000772b00000,0x0000000772b00000,0x0000000773580000)
  to   space 10752K, 0% used [0x0000000777b00000,0x0000000777b00000,0x0000000778580000)
 ParOldGen       total 172032K, used 13431K [0x00000006c2000000, 0x00000006cc800000, 0x000000076b580000)
  object space 172032K, 7% used [0x00000006c2000000,0x00000006c2d1df18,0x00000006cc800000)
 Metaspace       used 37671K, capacity 38676K, committed 39128K, reserved 1083392K
  class space    used 5041K, capacity 5270K, committed 5376K, reserved 1048576K
GC Heap History (10 events):
Event: 6.564 GC heap before
{Heap before GC invocations=4 (full 1):
 PSYoungGen      total 75264K, used 15023K [0x000000076b580000, 0x0000000774900000, 0x00000007c0000000)
  eden space 65024K, 23% used [0x000000076b580000,0x000000076c42bfa0,0x000000076f500000)
  from space 10240K, 0% used [0x0000000773f00000,0x0000000773f00000,0x0000000774900000)
  to   space 10752K, 0% used [0x0000000773400000,0x0000000773400000,0x0000000773e80000)
 ParOldGen       total 105984K, used 9366K [0x00000006c2000000, 0x00000006c8780000, 0x000000076b580000)
  object space 105984K, 8% used [0x00000006c2000000,0x00000006c2925890,0x00000006c8780000)
 Metaspace       used 21780K, capacity 22074K, committed 22400K, reserved 1069056K
  class space    used 3065K, capacity 3157K, committed 3200K, reserved 1048576K
Event: 6.569 GC heap after
Heap after GC invocations=4 (full 1):
 PSYoungGen      total 100864K, used 1499K [0x000000076b580000, 0x0000000773f80000, 0x00000007c0000000)
  eden space 99328K, 0% used [0x000000076b580000,0x000000076b580000,0x0000000771680000)
  from space 1536K, 97% used [0x0000000773400000,0x0000000773576ec0,0x0000000773580000)
  to   space 10240K, 0% used [0x0000000773580000,0x0000000773580000,0x0000000773f80000)
 ParOldGen       total 105984K, used 9366K [0x00000006c2000000, 0x00000006c8780000, 0x000000076b580000)
  object space 105984K, 8% used [0x00000006c2000000,0x00000006c2925890,0x00000006c8780000)
 Metaspace       used 21780K, capacity 22074K, committed 22400K, reserved 1069056K
  class space    used 3065K, capacity 3157K, committed 3200K, reserved 1048576K
}
Event: 6.569 GC heap before
{Heap before GC invocations=5 (full 2):
 PSYoungGen      total 100864K, used 1499K [0x000000076b580000, 0x0000000773f80000, 0x00000007c0000000)
  eden space 99328K, 0% used [0x000000076b580000,0x000000076b580000,0x0000000771680000)
  from space 1536K, 97% used [0x0000000773400000,0x0000000773576ec0,0x0000000773580000)
  to   space 10240K, 0% used [0x0000000773580000,0x0000000773580000,0x0000000773f80000)
 ParOldGen       total 105984K, used 9366K [0x00000006c2000000, 0x00000006c8780000, 0x000000076b580000)
  object space 105984K, 8% used [0x00000006c2000000,0x00000006c2925890,0x00000006c8780000)
 Metaspace       used 21780K, capacity 22074K, committed 22400K, reserved 1069056K
  class space    used 3065K, capacity 3157K, committed 3200K, reserved 1048576K
Event: 6.670 GC heap after
Heap after GC invocations=5 (full 2):
 PSYoungGen      total 100864K, used 0K [0x000000076b580000, 0x0000000773f80000, 0x00000007c0000000)
  eden space 99328K, 0% used [0x000000076b580000,0x000000076b580000,0x0000000771680000)
  from space 1536K, 0% used [0x0000000773400000,0x0000000773400000,0x0000000773580000)
  to   space 10240K, 0% used [0x0000000773580000,0x0000000773580000,0x0000000773f80000)
 ParOldGen       total 105984K, used 5541K [0x00000006c2000000, 0x00000006c8780000, 0x000000076b580000)
  object space 105984K, 5% used [0x00000006c2000000,0x00000006c2569428,0x00000006c8780000)
 Metaspace       used 21780K, capacity 22074K, committed 22400K, reserved 1069056K
  class space    used 3065K, capacity 3157K, committed 3200K, reserved 1048576K
}
Event: 10.920 GC heap before
{Heap before GC invocations=6 (full 2):
 PSYoungGen      total 100864K, used 99328K [0x000000076b580000, 0x0000000773f80000, 0x00000007c0000000)
  eden space 99328K, 100% used [0x000000076b580000,0x0000000771680000,0x0000000771680000)
  from space 1536K, 0% used [0x0000000773400000,0x0000000773400000,0x0000000773580000)
  to   space 10240K, 0% used [0x0000000773580000,0x0000000773580000,0x0000000773f80000)
 ParOldGen       total 105984K, used 5541K [0x00000006c2000000, 0x00000006c8780000, 0x000000076b580000)
  object space 105984K, 5% used [0x00000006c2000000,0x00000006c2569428,0x00000006c8780000)
 Metaspace       used 33527K, capacity 34586K, committed 34944K, reserved 1079296K
  class space    used 4646K, capacity 4871K, committed 4992K, reserved 1048576K
Event: 10.948 GC heap after
Heap after GC invocations=6 (full 2):
 PSYoungGen      total 130560K, used 10223K [0x000000076b580000, 0x0000000775c00000, 0x00000007c0000000)
  eden space 120320K, 0% used [0x000000076b580000,0x000000076b580000,0x0000000772b00000)
  from space 10240K, 99% used [0x0000000773580000,0x0000000773f7bf00,0x0000000773f80000)
  to   space 10752K, 0% used [0x0000000772b00000,0x0000000772b00000,0x0000000773580000)
 ParOldGen       total 105984K, used 10693K [0x00000006c2000000, 0x00000006c8780000, 0x000000076b580000)
  object space 105984K, 10% used [0x00000006c2000000,0x00000006c2a715d8,0x00000006c8780000)
 Metaspace       used 33527K, capacity 34586K, committed 34944K, reserved 1079296K
  class space    used 4646K, capacity 4871K, committed 4992K, reserved 1048576K
}
Event: 11.449 GC heap before
{Heap before GC invocations=7 (full 2):
 PSYoungGen      total 130560K, used 34639K [0x000000076b580000, 0x0000000775c00000, 0x00000007c0000000)
  eden space 120320K, 20% used [0x000000076b580000,0x000000076cd580e0,0x0000000772b00000)
  from space 10240K, 99% used [0x0000000773580000,0x0000000773f7bf00,0x0000000773f80000)
  to   space 10752K, 0% used [0x0000000772b00000,0x0000000772b00000,0x0000000773580000)
 ParOldGen       total 105984K, used 10693K [0x00000006c2000000, 0x00000006c8780000, 0x000000076b580000)
  object space 105984K, 10% used [0x00000006c2000000,0x00000006c2a715d8,0x00000006c8780000)
 Metaspace       used 36223K, capacity 37304K, committed 37336K, reserved 1081344K
  class space    used 4913K, capacity 5118K, committed 5120K, reserved 1048576K
Event: 11.461 GC heap after
Heap after GC invocations=7 (full 2):
 PSYoungGen      total 131072K, used 9383K [0x000000076b580000, 0x0000000778580000, 0x00000007c0000000)
  eden space 120320K, 0% used [0x000000076b580000,0x000000076b580000,0x0000000772b00000)
  from space 10752K, 87% used [0x0000000772b00000,0x0000000773429d18,0x0000000773580000)
  to   space 10752K, 0% used [0x0000000777b00000,0x0000000777b00000,0x0000000778580000)
 ParOldGen       total 105984K, used 10701K [0x00000006c2000000, 0x00000006c8780000, 0x000000076b580000)
  object space 105984K, 10% used [0x00000006c2000000,0x00000006c2a735d8,0x00000006c8780000)
 Metaspace       used 36223K, capacity 37304K, committed 37336K, reserved 1081344K
  class space    used 4913K, capacity 5118K, committed 5120K, reserved 1048576K
}
Event: 11.461 GC heap before
{Heap before GC invocations=8 (full 3):
 PSYoungGen      total 131072K, used 9383K [0x000000076b580000, 0x0000000778580000, 0x00000007c0000000)
  eden space 120320K, 0% used [0x000000076b580000,0x000000076b580000,0x0000000772b00000)
  from space 10752K, 87% used [0x0000000772b00000,0x0000000773429d18,0x0000000773580000)
  to   space 10752K, 0% used [0x0000000777b00000,0x0000000777b00000,0x0000000778580000)
 ParOldGen       total 105984K, used 10701K [0x00000006c2000000, 0x00000006c8780000, 0x000000076b580000)
  object space 105984K, 10% used [0x00000006c2000000,0x00000006c2a735d8,0x00000006c8780000)
 Metaspace       used 36223K, capacity 37304K, committed 37336K, reserved 1081344K
  class space    used 4913K, capacity 5118K, committed 5120K, reserved 1048576K
Event: 11.599 GC heap after
Heap after GC invocations=8 (full 3):
 PSYoungGen      total 131072K, used 0K [0x000000076b580000, 0x0000000778580000, 0x00000007c0000000)
  eden space 120320K, 0% used [0x000000076b580000,0x000000076b580000,0x0000000772b00000)
  from space 10752K, 0% used [0x0000000772b00000,0x0000000772b00000,0x0000000773580000)
  to   space 10752K, 0% used [0x0000000777b00000,0x0000000777b00000,0x0000000778580000)
 ParOldGen       total 172032K, used 13431K [0x00000006c2000000, 0x00000006cc800000, 0x000000076b580000)
  object space 172032K, 7% used [0x00000006c2000000,0x00000006c2d1df18,0x00000006cc800000)
 Metaspace       used 36142K, capacity 37064K, committed 37336K, reserved 1081344K
  class space    used 4888K, capacity 5076K, committed 5120K, reserved 1048576K
}

