# JRE version: Java(TM) SE Runtime Environment (8.0_151-b12) (build 1.8.0_151-b12)
# Java VM: Java HotSpot(TM) 64-Bit Server VM (25.151-b12 mixed mode windows-amd64 compressed oops)
Heap:
 PSYoungGen      total 278528K, used 272909K [0x000000076b580000, 0x0000000782f00000, 0x00000007c0000000)
  eden space 248320K, 97% used [0x000000076b580000,0x000000077a284048,0x000000077a800000)
  from space 30208K, 99% used [0x000000077e400000,0x000000078017f6a0,0x0000000780180000)
  to   space 61440K, 0% used [0x000000077a800000,0x000000077a800000,0x000000077e400000)
 ParOldGen       total 107520K, used 78666K [0x00000006c2000000, 0x00000006c8900000, 0x000000076b580000)
  object space 107520K, 73% used [0x00000006c2000000,0x00000006c6cd2a80,0x00000006c8900000)
 Metaspace       used 28553K, capacity 29454K, committed 30592K, reserved 1077248K
  class space    used 3300K, capacity 3568K, committed 3712K, reserved 1048576K
GC Heap History (10 events):
Event: 34.002 GC heap before
{Heap before GC invocations=8 (full 1):
 PSYoungGen      total 209920K, used 209888K [0x000000076b580000, 0x000000077a780000, 0x00000007c0000000)
  eden space 192000K, 100% used [0x000000076b580000,0x0000000777100000,0x0000000777100000)
  from space 17920K, 99% used [0x0000000778a80000,0x0000000779bf82c0,0x0000000779c00000)
  to   space 26112K, 0% used [0x0000000777100000,0x0000000777100000,0x0000000778a80000)
 ParOldGen       total 107520K, used 31019K [0x00000006c2000000, 0x00000006c8900000, 0x000000076b580000)
  object space 107520K, 28% used [0x00000006c2000000,0x00000006c3e4aee0,0x00000006c8900000)
 Metaspace       used 29411K, capacity 30370K, committed 30592K, reserved 1077248K
  class space    used 3432K, capacity 3703K, committed 3712K, reserved 1048576K
Event: 34.052 GC heap after
Heap after GC invocations=8 (full 1):
 PSYoungGen      total 218112K, used 26097K [0x000000076b580000, 0x0000000780180000, 0x00000007c0000000)
  eden space 192000K, 0% used [0x000000076b580000,0x000000076b580000,0x0000000777100000)
  from space 26112K, 99% used [0x0000000777100000,0x0000000778a7c7f0,0x0000000778a80000)
  to   space 30208K, 0% used [0x000000077e400000,0x000000077e400000,0x0000000780180000)
 ParOldGen       total 107520K, used 31723K [0x00000006c2000000, 0x00000006c8900000, 0x000000076b580000)
  object space 107520K, 29% used [0x00000006c2000000,0x00000006c3efac70,0x00000006c8900000)
 Metaspace       used 29411K, capacity 30370K, committed 30592K, reserved 1077248K
  class space    used 3432K, capacity 3703K, committed 3712K, reserved 1048576K
}
Event: 37.441 GC heap before
{Heap before GC invocations=9 (full 1):
 PSYoungGen      total 218112K, used 218097K [0x000000076b580000, 0x0000000780180000, 0x00000007c0000000)
  eden space 192000K, 100% used [0x000000076b580000,0x0000000777100000,0x0000000777100000)
  from space 26112K, 99% used [0x0000000777100000,0x0000000778a7c7f0,0x0000000778a80000)
  to   space 30208K, 0% used [0x000000077e400000,0x000000077e400000,0x0000000780180000)
 ParOldGen       total 107520K, used 31723K [0x00000006c2000000, 0x00000006c8900000, 0x000000076b580000)
  object space 107520K, 29% used [0x00000006c2000000,0x00000006c3efac70,0x00000006c8900000)
 Metaspace       used 29411K, capacity 30370K, committed 30592K, reserved 1077248K
  class space    used 3432K, capacity 3703K, committed 3712K, reserved 1048576K
Event: 37.513 GC heap after
Heap after GC invocations=9 (full 1):
 PSYoungGen      total 222208K, used 30199K [0x000000076b580000, 0x0000000780180000, 0x00000007c0000000)
  eden space 192000K, 0% used [0x000000076b580000,0x000000076b580000,0x0000000777100000)
  from space 30208K, 99% used [0x000000077e400000,0x000000078017de60,0x0000000780180000)
  to   space 26112K, 0% used [0x0000000777100000,0x0000000777100000,0x0000000778a80000)
 ParOldGen       total 107520K, used 59244K [0x00000006c2000000, 0x00000006c8900000, 0x000000076b580000)
  object space 107520K, 55% used [0x00000006c2000000,0x00000006c59db010,0x00000006c8900000)
 Metaspace       used 29411K, capacity 30370K, committed 30592K, reserved 1077248K
  class space    used 3432K, capacity 3703K, committed 3712K, reserved 1048576K
}
Event: 40.298 GC heap before
{Heap before GC invocations=10 (full 1):
 PSYoungGen      total 222208K, used 222199K [0x000000076b580000, 0x0000000780180000, 0x00000007c0000000)
  eden space 192000K, 100% used [0x000000076b580000,0x0000000777100000,0x0000000777100000)
  from space 30208K, 99% used [0x000000077e400000,0x000000078017de60,0x0000000780180000)
  to   space 26112K, 0% used [0x0000000777100000,0x0000000777100000,0x0000000778a80000)
 ParOldGen       total 107520K, used 59244K [0x00000006c2000000, 0x00000006c8900000, 0x000000076b580000)
  object space 107520K, 55% used [0x00000006c2000000,0x00000006c59db010,0x00000006c8900000)
 Metaspace       used 29411K, capacity 30370K, committed 30592K, reserved 1077248K
  class space    used 3432K, capacity 3703K, committed 3712K, reserved 1048576K
Event: 40.365 GC heap after
Heap after GC invocations=10 (full 1):
 PSYoungGen      total 218112K, used 26106K [0x000000076b580000, 0x0000000780180000, 0x00000007c0000000)
  eden space 192000K, 0% used [0x000000076b580000,0x000000076b580000,0x0000000777100000)
  from space 26112K, 99% used [0x0000000777100000,0x0000000778a7e870,0x0000000778a80000)
  to   space 30208K, 0% used [0x000000077e400000,0x000000077e400000,0x0000000780180000)
 ParOldGen       total 107520K, used 95115K [0x00000006c2000000, 0x00000006c8900000, 0x000000076b580000)
  object space 107520K, 88% used [0x00000006c2000000,0x00000006c7ce2ee8,0x00000006c8900000)
 Metaspace       used 29411K, capacity 30370K, committed 30592K, reserved 1077248K
  class space    used 3432K, capacity 3703K, committed 3712K, reserved 1048576K
}
Event: 40.365 GC heap before
{Heap before GC invocations=11 (full 2):
 PSYoungGen      total 218112K, used 26106K [0x000000076b580000, 0x0000000780180000, 0x00000007c0000000)
  eden space 192000K, 0% used [0x000000076b580000,0x000000076b580000,0x0000000777100000)
  from space 26112K, 99% used [0x0000000777100000,0x0000000778a7e870,0x0000000778a80000)
  to   space 30208K, 0% used [0x000000077e400000,0x000000077e400000,0x0000000780180000)
 ParOldGen       total 107520K, used 95115K [0x00000006c2000000, 0x00000006c8900000, 0x000000076b580000)
  object space 107520K, 88% used [0x00000006c2000000,0x00000006c7ce2ee8,0x00000006c8900000)
 Metaspace       used 29411K, capacity 30370K, committed 30592K, reserved 1077248K
  class space    used 3432K, capacity 3703K, committed 3712K, reserved 1048576K
Event: 40.520 GC heap after
Heap after GC invocations=11 (full 2):
 PSYoungGen      total 218112K, used 0K [0x000000076b580000, 0x0000000780180000, 0x00000007c0000000)
  eden space 192000K, 0% used [0x000000076b580000,0x000000076b580000,0x0000000777100000)
  from space 26112K, 0% used [0x0000000777100000,0x0000000777100000,0x0000000778a80000)
  to   space 30208K, 0% used [0x000000077e400000,0x000000077e400000,0x0000000780180000)
 ParOldGen       total 107520K, used 70384K [0x00000006c2000000, 0x00000006c8900000, 0x000000076b580000)
  object space 107520K, 65% used [0x00000006c2000000,0x00000006c64bc200,0x00000006c8900000)
 Metaspace       used 28035K, capacity 28918K, committed 30592K, reserved 1077248K
  class space    used 3257K, capacity 3496K, committed 3712K, reserved 1048576K
}
Event: 43.276 GC heap before
{Heap before GC invocations=12 (full 2):
 PSYoungGen      total 218112K, used 192000K [0x000000076b580000, 0x0000000780180000, 0x00000007c0000000)
  eden space 192000K, 100% used [0x000000076b580000,0x0000000777100000,0x0000000777100000)
  from space 26112K, 0% used [0x0000000777100000,0x0000000777100000,0x0000000778a80000)
  to   space 30208K, 0% used [0x000000077e400000,0x000000077e400000,0x0000000780180000)
 ParOldGen       total 107520K, used 70384K [0x00000006c2000000, 0x00000006c8900000, 0x000000076b580000)
  object space 107520K, 65% used [0x00000006c2000000,0x00000006c64bc200,0x00000006c8900000)
 Metaspace       used 28035K, capacity 28918K, committed 30592K, reserved 1077248K
  class space    used 3257K, capacity 3496K, committed 3712K, reserved 1048576K
Event: 43.300 GC heap after
Heap after GC invocations=12 (full 2):
 PSYoungGen      total 278528K, used 30205K [0x000000076b580000, 0x0000000782f00000, 0x00000007c0000000)
  eden space 248320K, 0% used [0x000000076b580000,0x000000076b580000,0x000000077a800000)
  from space 30208K, 99% used [0x000000077e400000,0x000000078017f6a0,0x0000000780180000)
  to   space 61440K, 0% used [0x000000077a800000,0x000000077a800000,0x000000077e400000)
 ParOldGen       total 107520K, used 78666K [0x00000006c2000000, 0x00000006c8900000, 0x000000076b580000)
  object space 107520K, 73% used [0x00000006c2000000,0x00000006c6cd2a80,0x00000006c8900000)
 Metaspace       used 28035K, capacity 28918K, committed 30592K, reserved 1077248K
  class space    used 3257K, capacity 3496K, committed 3712K, reserved 1048576K
}

